# JRE version: Java(TM) SE Runtime Environment (8.0_181-b13) (build 1.8.0_181-b13)
# Java VM: Java HotSpot(TM) 64-Bit Server VM (25.181-b13 mixed mode windows-amd64 compressed oops)
Heap:
 PSYoungGen      total 69632K, used 62709K [0x00000000eb580000, 0x00000000f0080000, 0x0000000100000000)
  eden space 63488K, 98% used [0x00000000eb580000,0x00000000ef2bd7c8,0x00000000ef380000)
  from space 6144K, 0% used [0x00000000efa80000,0x00000000efa80000,0x00000000f0080000)
  to   space 6656K, 0% used [0x00000000ef380000,0x00000000ef380000,0x00000000efa00000)
 ParOldGen       total 35840K, used 8859K [0x00000000c2000000, 0x00000000c4300000, 0x00000000eb580000)
  object space 35840K, 24% used [0x00000000c2000000,0x00000000c28a6ca0,0x00000000c4300000)
 Metaspace       used 24473K, capacity 24820K, committed 24960K, reserved 1071104K
  class space    used 3024K, capacity 3145K, committed 3200K, reserved 1048576K
GC Heap History (10 events):
Event: 1.543 GC heap before
{Heap before GC invocations=3 (full 0):
 PSYoungGen      total 18432K, used 18395K [0x00000000eb580000, 0x00000000ed980000, 0x0000000100000000)
  eden space 15872K, 99% used [0x00000000eb580000,0x00000000ec4faf40,0x00000000ec500000)
  from space 2560K, 99% used [0x00000000ec780000,0x00000000ec9fc010,0x00000000eca00000)
  to   space 2560K, 0% used [0x00000000ec500000,0x00000000ec500000,0x00000000ec780000)
 ParOldGen       total 42496K, used 2120K [0x00000000c2000000, 0x00000000c4980000, 0x00000000eb580000)
  object space 42496K, 4% used [0x00000000c2000000,0x00000000c2212288,0x00000000c4980000)
 Metaspace       used 14278K, capacity 14418K, committed 14720K, reserved 1062912K
  class space    used 1752K, capacity 1799K, committed 1920K, reserved 1048576K
Event: 1.552 GC heap after
Heap after GC invocations=3 (full 0):
 PSYoungGen      total 18432K, used 2547K [0x00000000eb580000, 0x00000000ed980000, 0x0000000100000000)
  eden space 15872K, 0% used [0x00000000eb580000,0x00000000eb580000,0x00000000ec500000)
  from space 2560K, 99% used [0x00000000ec500000,0x00000000ec77cd38,0x00000000ec780000)
  to   space 2560K, 0% used [0x00000000ed700000,0x00000000ed700000,0x00000000ed980000)
 ParOldGen       total 42496K, used 4502K [0x00000000c2000000, 0x00000000c4980000, 0x00000000eb580000)
  object space 42496K, 10% used [0x00000000c2000000,0x00000000c2465a50,0x00000000c4980000)
 Metaspace       used 14278K, capacity 14418K, committed 14720K, reserved 1062912K
  class space    used 1752K, capacity 1799K, committed 1920K, reserved 1048576K
}
Event: 1.733 GC heap before
{Heap before GC invocations=4 (full 0):
 PSYoungGen      total 18432K, used 18419K [0x00000000eb580000, 0x00000000ed980000, 0x0000000100000000)
  eden space 15872K, 100% used [0x00000000eb580000,0x00000000ec500000,0x00000000ec500000)
  from space 2560K, 99% used [0x00000000ec500000,0x00000000ec77cd38,0x00000000ec780000)
  to   space 2560K, 0% used [0x00000000ed700000,0x00000000ed700000,0x00000000ed980000)
 ParOldGen       total 42496K, used 4502K [0x00000000c2000000, 0x00000000c4980000, 0x00000000eb580000)
  object space 42496K, 10% used [0x00000000c2000000,0x00000000c2465a50,0x00000000c4980000)
 Metaspace       used 16305K, capacity 16504K, committed 16768K, reserved 1064960K
  class space    used 2008K, capacity 2088K, committed 2176K, reserved 1048576K
Event: 1.740 GC heap after
Heap after GC invocations=4 (full 0):
 PSYoungGen      total 34304K, used 2544K [0x00000000eb580000, 0x00000000ed980000, 0x0000000100000000)
  eden space 31744K, 0% used [0x00000000eb580000,0x00000000eb580000,0x00000000ed480000)
  from space 2560K, 99% used [0x00000000ed700000,0x00000000ed97c010,0x00000000ed980000)
  to   space 2560K, 0% used [0x00000000ed480000,0x00000000ed480000,0x00000000ed700000)
 ParOldGen       total 42496K, used 6737K [0x00000000c2000000, 0x00000000c4980000, 0x00000000eb580000)
  object space 42496K, 15% used [0x00000000c2000000,0x00000000c2694650,0x00000000c4980000)
 Metaspace       used 16305K, capacity 16504K, committed 16768K, reserved 1064960K
  class space    used 2008K, capacity 2088K, committed 2176K, reserved 1048576K
}
Event: 2.290 GC heap before
{Heap before GC invocations=5 (full 0):
 PSYoungGen      total 34304K, used 34288K [0x00000000eb580000, 0x00000000ed980000, 0x0000000100000000)
  eden space 31744K, 100% used [0x00000000eb580000,0x00000000ed480000,0x00000000ed480000)
  from space 2560K, 99% used [0x00000000ed700000,0x00000000ed97c010,0x00000000ed980000)
  to   space 2560K, 0% used [0x00000000ed480000,0x00000000ed480000,0x00000000ed700000)
 ParOldGen       total 42496K, used 6737K [0x00000000c2000000, 0x00000000c4980000, 0x00000000eb580000)
  object space 42496K, 15% used [0x00000000c2000000,0x00000000c2694650,0x00000000c4980000)
 Metaspace       used 19639K, capacity 19928K, committed 20224K, reserved 1067008K
  class space    used 2391K, capacity 2499K, committed 2560K, reserved 1048576K
Event: 2.298 GC heap after
Heap after GC invocations=5 (full 0):
 PSYoungGen      total 34304K, used 2544K [0x00000000eb580000, 0x00000000f0180000, 0x0000000100000000)
  eden space 31744K, 0% used [0x00000000eb580000,0x00000000eb580000,0x00000000ed480000)
  from space 2560K, 99% used [0x00000000ed480000,0x00000000ed6fc030,0x00000000ed700000)
  to   space 7168K, 0% used [0x00000000efa80000,0x00000000efa80000,0x00000000f0180000)
 ParOldGen       total 42496K, used 10585K [0x00000000c2000000, 0x00000000c4980000, 0x00000000eb580000)
  object space 42496K, 24% used [0x00000000c2000000,0x00000000c2a56460,0x00000000c4980000)
 Metaspace       used 19639K, capacity 19928K, committed 20224K, reserved 1067008K
  class space    used 2391K, capacity 2499K, committed 2560K, reserved 1048576K
}
Event: 2.621 GC heap before
{Heap before GC invocations=6 (full 0):
 PSYoungGen      total 34304K, used 28085K [0x00000000eb580000, 0x00000000f0180000, 0x0000000100000000)
  eden space 31744K, 80% used [0x00000000eb580000,0x00000000ece716a0,0x00000000ed480000)
  from space 2560K, 99% used [0x00000000ed480000,0x00000000ed6fc030,0x00000000ed700000)
  to   space 7168K, 0% used [0x00000000efa80000,0x00000000efa80000,0x00000000f0180000)
 ParOldGen       total 42496K, used 10585K [0x00000000c2000000, 0x00000000c4980000, 0x00000000eb580000)
  object space 42496K, 24% used [0x00000000c2000000,0x00000000c2a56460,0x00000000c4980000)
 Metaspace       used 20913K, capacity 21168K, committed 21296K, reserved 1069056K
  class space    used 2536K, capacity 2611K, committed 2688K, reserved 1048576K
Event: 2.629 GC heap after
Heap after GC invocations=6 (full 0):
 PSYoungGen      total 69632K, used 4622K [0x00000000eb580000, 0x00000000f0080000, 0x0000000100000000)
  eden space 63488K, 0% used [0x00000000eb580000,0x00000000eb580000,0x00000000ef380000)
  from space 6144K, 75% used [0x00000000efa80000,0x00000000eff03bd0,0x00000000f0080000)
  to   space 6656K, 0% used [0x00000000ef380000,0x00000000ef380000,0x00000000efa00000)
 ParOldGen       total 42496K, used 10593K [0x00000000c2000000, 0x00000000c4980000, 0x00000000eb580000)
  object space 42496K, 24% used [0x00000000c2000000,0x00000000c2a58460,0x00000000c4980000)
 Metaspace       used 20913K, capacity 21168K, committed 21296K, reserved 1069056K
  class space    used 2536K, capacity 2611K, committed 2688K, reserved 1048576K
}
Event: 2.629 GC heap before
{Heap before GC invocations=7 (full 1):
 PSYoungGen      total 69632K, used 4622K [0x00000000eb580000, 0x00000000f0080000, 0x0000000100000000)
  eden space 63488K, 0% used [0x00000000eb580000,0x00000000eb580000,0x00000000ef380000)
  from space 6144K, 75% used [0x00000000efa80000,0x00000000eff03bd0,0x00000000f0080000)
  to   space 6656K, 0% used [0x00000000ef380000,0x00000000ef380000,0x00000000efa00000)
 ParOldGen       total 42496K, used 10593K [0x00000000c2000000, 0x00000000c4980000, 0x00000000eb580000)
  object space 42496K, 24% used [0x00000000c2000000,0x00000000c2a58460,0x00000000c4980000)
 Metaspace       used 20913K, capacity 21168K, committed 21296K, reserved 1069056K
  class space    used 2536K, capacity 2611K, committed 2688K, reserved 1048576K
Event: 2.679 GC heap after
Heap after GC invocations=7 (full 1):
 PSYoungGen      total 69632K, used 0K [0x00000000eb580000, 0x00000000f0080000, 0x0000000100000000)
  eden space 63488K, 0% used [0x00000000eb580000,0x00000000eb580000,0x00000000ef380000)
  from space 6144K, 0% used [0x00000000efa80000,0x00000000efa80000,0x00000000f0080000)
  to   space 6656K, 0% used [0x00000000ef380000,0x00000000ef380000,0x00000000efa00000)
 ParOldGen       total 35840K, used 8859K [0x00000000c2000000, 0x00000000c4300000, 0x00000000eb580000)
  object space 35840K, 24% used [0x00000000c2000000,0x00000000c28a6ca0,0x00000000c4300000)
 Metaspace       used 20913K, capacity 21168K, committed 21296K, reserved 1069056K
  class space    used 2536K, capacity 2611K, committed 2688K, reserved 1048576K
}

